make --dry-run --always-make --keep-going --print-directory
make: Entering directory `/Users/itoukouhei/tmp/load_obj'
g++ -o app -std=c++11 -arch arm64 -Wall -g \
	-I./dependencies/include -I./dependencies/include/GLFW \
	-L./dependencies/library \
	-Wno-deprecated \
	main.cpp \
	./dependencies/include/common/controls.cpp \
	./dependencies/include/common/objloader.cpp \
	./dependencies/include/common/quaternion_utils.cpp \
	./dependencies/include/common/shader.cpp \
	./dependencies/include/common/tangentspace.cpp \
	./dependencies/include/common/text2D.cpp \
	./dependencies/include/common/texture.cpp \
	./dependencies/include/common/vboindexer.cpp \
	-lGLEW.2.2.0 \
	-lglfw.3.3 \
	-framework OpenGL \
	-framework Cocoa \
	-framework IOKit \
	-framework Corevideo \

make: Leaving directory `/Users/itoukouhei/tmp/load_obj'
 
